31-Jan-2025 08:03:09.776 INFO [main] org.apache.catalina.startup.VersionLoggerListener.log Server version name:   Apache Tomcat/9.0.98
31-Jan-2025 08:03:09.808 INFO [main] org.apache.catalina.startup.VersionLoggerListener.log Server built:          Dec 5 2024 19:50:29 UTC
31-Jan-2025 08:03:09.809 INFO [main] org.apache.catalina.startup.VersionLoggerListener.log Server version number: 9.0.98.0
31-Jan-2025 08:03:09.809 INFO [main] org.apache.catalina.startup.VersionLoggerListener.log OS Name:               Windows 10
31-Jan-2025 08:03:09.810 INFO [main] org.apache.catalina.startup.VersionLoggerListener.log OS Version:            10.0
31-Jan-2025 08:03:09.810 INFO [main] org.apache.catalina.startup.VersionLoggerListener.log Architecture:          amd64
31-Jan-2025 08:03:09.810 INFO [main] org.apache.catalina.startup.VersionLoggerListener.log Java Home:             C:\Program Files\Java\jdk-23
31-Jan-2025 08:03:09.811 INFO [main] org.apache.catalina.startup.VersionLoggerListener.log JVM Version:           23.0.1+11-39
31-Jan-2025 08:03:09.811 INFO [main] org.apache.catalina.startup.VersionLoggerListener.log JVM Vendor:            Oracle Corporation
31-Jan-2025 08:03:09.811 INFO [main] org.apache.catalina.startup.VersionLoggerListener.log CATALINA_BASE:         C:\Users\Shree\Desktop\MyJava\Hospital_Management_\src\main\webapp
31-Jan-2025 08:03:09.811 INFO [main] org.apache.catalina.startup.VersionLoggerListener.log CATALINA_HOME:         C:\Program Files\apache-tomcat-9.0.98-windows-x64\apache-tomcat-9.0.98
31-Jan-2025 08:03:09.842 INFO [main] org.apache.catalina.startup.VersionLoggerListener.log Command line argument: --add-opens=java.base/java.lang=ALL-UNNAMED
31-Jan-2025 08:03:09.842 INFO [main] org.apache.catalina.startup.VersionLoggerListener.log Command line argument: --add-opens=java.base/java.io=ALL-UNNAMED
31-Jan-2025 08:03:09.842 INFO [main] org.apache.catalina.startup.VersionLoggerListener.log Command line argument: --add-opens=java.base/java.util=ALL-UNNAMED
31-Jan-2025 08:03:09.843 INFO [main] org.apache.catalina.startup.VersionLoggerListener.log Command line argument: --add-opens=java.base/java.util.concurrent=ALL-UNNAMED
31-Jan-2025 08:03:09.843 INFO [main] org.apache.catalina.startup.VersionLoggerListener.log Command line argument: --add-opens=java.rmi/sun.rmi.transport=ALL-UNNAMED
31-Jan-2025 08:03:09.843 INFO [main] org.apache.catalina.startup.VersionLoggerListener.log Command line argument: -Dcatalina.home=C:\Program Files\apache-tomcat-9.0.98-windows-x64\apache-tomcat-9.0.98
31-Jan-2025 08:03:09.843 INFO [main] org.apache.catalina.startup.VersionLoggerListener.log Command line argument: -Dcatalina.base=C:\Users\Shree\Desktop\MyJava\Hospital_Management_\src\main\webapp
31-Jan-2025 08:03:09.844 INFO [main] org.apache.catalina.startup.VersionLoggerListener.log Command line argument: -Djava.io.tmpdir=C:\Users\Shree\Desktop\MyJava\Hospital_Management_\src\main\webapp\temp
31-Jan-2025 08:03:09.844 INFO [main] org.apache.catalina.startup.VersionLoggerListener.log Command line argument: -Djava.util.logging.config.file=C:\Users\Shree\Desktop\MyJava\Hospital_Management_\src\main\webapp\conf\logging.properties
31-Jan-2025 08:03:09.844 INFO [main] org.apache.catalina.startup.VersionLoggerListener.log Command line argument: -Djava.util.logging.manager=org.apache.juli.ClassLoaderLogManager
31-Jan-2025 08:03:09.844 INFO [main] org.apache.catalina.startup.VersionLoggerListener.log Command line argument: -javaagent:C:\Program Files\JetBrains\IntelliJ IDEA Community Edition 2024.3.2\lib\idea_rt.jar=49907:C:\Program Files\JetBrains\IntelliJ IDEA Community Edition 2024.3.2\bin
31-Jan-2025 08:03:09.844 INFO [main] org.apache.catalina.startup.VersionLoggerListener.log Command line argument: -Dfile.encoding=UTF-8
31-Jan-2025 08:03:09.845 INFO [main] org.apache.catalina.startup.VersionLoggerListener.log Command line argument: -Dsun.stdout.encoding=UTF-8
31-Jan-2025 08:03:10.260 INFO [main] org.apache.catalina.startup.VersionLoggerListener.log Command line argument: -Dsun.stderr.encoding=UTF-8
31-Jan-2025 08:03:10.350 INFO [main] org.apache.catalina.core.AprLifecycleListener.lifecycleEvent Loaded Apache Tomcat Native library [1.3.1] using APR version [1.7.4].
31-Jan-2025 08:03:10.350 INFO [main] org.apache.catalina.core.AprLifecycleListener.lifecycleEvent APR capabilities: IPv6 [true], sendfile [true], accept filters [false], random [true], UDS [true].
31-Jan-2025 08:03:10.350 INFO [main] org.apache.catalina.core.AprLifecycleListener.lifecycleEvent APR/OpenSSL configuration: useAprConnector [false], useOpenSSL [true]
31-Jan-2025 08:03:10.865 INFO [main] org.apache.catalina.core.AprLifecycleListener.initializeSSL OpenSSL successfully initialized [OpenSSL 3.0.14 4 Jun 2024]
31-Jan-2025 08:03:13.689 INFO [main] org.apache.coyote.AbstractProtocol.init Initializing ProtocolHandler ["http-nio-8080"]
31-Jan-2025 08:03:13.818 INFO [main] org.apache.catalina.startup.Catalina.load Server initialization in [4910] milliseconds
31-Jan-2025 08:03:14.217 INFO [main] org.apache.catalina.core.StandardService.startInternal Starting service [Catalina]
31-Jan-2025 08:03:14.220 INFO [main] org.apache.catalina.core.StandardEngine.startInternal Starting Servlet engine: [Apache Tomcat/9.0.98]
31-Jan-2025 08:03:14.287 INFO [main] org.apache.catalina.startup.HostConfig.deployDescriptor Deploying deployment descriptor [C:\Users\Shree\Desktop\MyJava\Hospital_Management_\src\main\webapp\conf\Catalina\localhost\Hospital_Management_.xml]
31-Jan-2025 08:03:20.197 INFO [main] org.apache.jasper.servlet.TldScanner.scanJars At least one JAR was scanned for TLDs yet contained no TLDs. Enable debug logging for this logger for a complete list of JARs that were scanned but no TLDs were found in them. Skipping unneeded JARs during scanning can improve startup time and JSP compilation time.
31-Jan-2025 08:03:20.355 INFO [main] org.apache.catalina.startup.HostConfig.deployDescriptor Deployment of deployment descriptor [C:\Users\Shree\Desktop\MyJava\Hospital_Management_\src\main\webapp\conf\Catalina\localhost\Hospital_Management_.xml] has finished in [6,067] ms
31-Jan-2025 08:03:20.382 INFO [main] org.apache.coyote.AbstractProtocol.start Starting ProtocolHandler ["http-nio-8080"]
31-Jan-2025 08:03:20.580 INFO [main] org.apache.catalina.startup.Catalina.start Server startup in [6760] milliseconds
31-Jan-2025 08:41:25.658 INFO [Thread-1] org.apache.coyote.AbstractProtocol.pause Pausing ProtocolHandler ["http-nio-8080"]
31-Jan-2025 08:41:25.711 INFO [Thread-1] org.apache.catalina.core.StandardService.stopInternal Stopping service [Catalina]
31-Jan-2025 08:41:26.422 INFO [Thread-1] org.apache.coyote.AbstractProtocol.stop Stopping ProtocolHandler ["http-nio-8080"]
31-Jan-2025 08:41:26.460 INFO [Thread-1] org.apache.coyote.AbstractProtocol.destroy Destroying ProtocolHandler ["http-nio-8080"]
31-Jan-2025 08:43:52.346 INFO [main] org.apache.catalina.startup.VersionLoggerListener.log Server version name:   Apache Tomcat/9.0.98
31-Jan-2025 08:43:52.364 INFO [main] org.apache.catalina.startup.VersionLoggerListener.log Server built:          Dec 5 2024 19:50:29 UTC
31-Jan-2025 08:43:52.365 INFO [main] org.apache.catalina.startup.VersionLoggerListener.log Server version number: 9.0.98.0
31-Jan-2025 08:43:52.365 INFO [main] org.apache.catalina.startup.VersionLoggerListener.log OS Name:               Windows 10
31-Jan-2025 08:43:52.365 INFO [main] org.apache.catalina.startup.VersionLoggerListener.log OS Version:            10.0
31-Jan-2025 08:43:52.366 INFO [main] org.apache.catalina.startup.VersionLoggerListener.log Architecture:          amd64
31-Jan-2025 08:43:52.366 INFO [main] org.apache.catalina.startup.VersionLoggerListener.log Java Home:             C:\Program Files\Java\jdk-23
31-Jan-2025 08:43:52.366 INFO [main] org.apache.catalina.startup.VersionLoggerListener.log JVM Version:           23.0.1+11-39
31-Jan-2025 08:43:52.366 INFO [main] org.apache.catalina.startup.VersionLoggerListener.log JVM Vendor:            Oracle Corporation
31-Jan-2025 08:43:52.366 INFO [main] org.apache.catalina.startup.VersionLoggerListener.log CATALINA_BASE:         C:\Users\Shree\Desktop\MyJava\Hospital_Management_\src\main\webapp
31-Jan-2025 08:43:52.367 INFO [main] org.apache.catalina.startup.VersionLoggerListener.log CATALINA_HOME:         C:\Program Files\apache-tomcat-9.0.98-windows-x64\apache-tomcat-9.0.98
31-Jan-2025 08:43:52.400 INFO [main] org.apache.catalina.startup.VersionLoggerListener.log Command line argument: --add-opens=java.base/java.lang=ALL-UNNAMED
31-Jan-2025 08:43:52.401 INFO [main] org.apache.catalina.startup.VersionLoggerListener.log Command line argument: --add-opens=java.base/java.io=ALL-UNNAMED
31-Jan-2025 08:43:52.402 INFO [main] org.apache.catalina.startup.VersionLoggerListener.log Command line argument: --add-opens=java.base/java.util=ALL-UNNAMED
31-Jan-2025 08:43:52.402 INFO [main] org.apache.catalina.startup.VersionLoggerListener.log Command line argument: --add-opens=java.base/java.util.concurrent=ALL-UNNAMED
31-Jan-2025 08:43:52.402 INFO [main] org.apache.catalina.startup.VersionLoggerListener.log Command line argument: --add-opens=java.rmi/sun.rmi.transport=ALL-UNNAMED
31-Jan-2025 08:43:52.402 INFO [main] org.apache.catalina.startup.VersionLoggerListener.log Command line argument: -Dcatalina.home=C:\Program Files\apache-tomcat-9.0.98-windows-x64\apache-tomcat-9.0.98
31-Jan-2025 08:43:52.402 INFO [main] org.apache.catalina.startup.VersionLoggerListener.log Command line argument: -Dcatalina.base=C:\Users\Shree\Desktop\MyJava\Hospital_Management_\src\main\webapp
31-Jan-2025 08:43:52.403 INFO [main] org.apache.catalina.startup.VersionLoggerListener.log Command line argument: -Djava.io.tmpdir=C:\Users\Shree\Desktop\MyJava\Hospital_Management_\src\main\webapp\temp
31-Jan-2025 08:43:52.403 INFO [main] org.apache.catalina.startup.VersionLoggerListener.log Command line argument: -Djava.util.logging.config.file=C:\Users\Shree\Desktop\MyJava\Hospital_Management_\src\main\webapp\conf\logging.properties
31-Jan-2025 08:43:52.403 INFO [main] org.apache.catalina.startup.VersionLoggerListener.log Command line argument: -Djava.util.logging.manager=org.apache.juli.ClassLoaderLogManager
31-Jan-2025 08:43:52.403 INFO [main] org.apache.catalina.startup.VersionLoggerListener.log Command line argument: -javaagent:C:\Program Files\JetBrains\IntelliJ IDEA Community Edition 2024.3.2\lib\idea_rt.jar=51914:C:\Program Files\JetBrains\IntelliJ IDEA Community Edition 2024.3.2\bin
31-Jan-2025 08:43:52.404 INFO [main] org.apache.catalina.startup.VersionLoggerListener.log Command line argument: -Dfile.encoding=UTF-8
31-Jan-2025 08:43:52.404 INFO [main] org.apache.catalina.startup.VersionLoggerListener.log Command line argument: -Dsun.stdout.encoding=UTF-8
31-Jan-2025 08:43:52.405 INFO [main] org.apache.catalina.startup.VersionLoggerListener.log Command line argument: -Dsun.stderr.encoding=UTF-8
31-Jan-2025 08:43:52.425 INFO [main] org.apache.catalina.core.AprLifecycleListener.lifecycleEvent Loaded Apache Tomcat Native library [1.3.1] using APR version [1.7.4].
31-Jan-2025 08:43:52.425 INFO [main] org.apache.catalina.core.AprLifecycleListener.lifecycleEvent APR capabilities: IPv6 [true], sendfile [true], accept filters [false], random [true], UDS [true].
31-Jan-2025 08:43:52.425 INFO [main] org.apache.catalina.core.AprLifecycleListener.lifecycleEvent APR/OpenSSL configuration: useAprConnector [false], useOpenSSL [true]
31-Jan-2025 08:43:52.464 INFO [main] org.apache.catalina.core.AprLifecycleListener.initializeSSL OpenSSL successfully initialized [OpenSSL 3.0.14 4 Jun 2024]
31-Jan-2025 08:43:54.391 INFO [main] org.apache.coyote.AbstractProtocol.init Initializing ProtocolHandler ["http-nio-8080"]
31-Jan-2025 08:43:54.503 INFO [main] org.apache.catalina.startup.Catalina.load Server initialization in [3011] milliseconds
31-Jan-2025 08:43:54.686 INFO [main] org.apache.catalina.core.StandardService.startInternal Starting service [Catalina]
31-Jan-2025 08:43:54.686 INFO [main] org.apache.catalina.core.StandardEngine.startInternal Starting Servlet engine: [Apache Tomcat/9.0.98]
31-Jan-2025 08:43:54.708 INFO [main] org.apache.catalina.startup.HostConfig.deployDescriptor Deploying deployment descriptor [C:\Users\Shree\Desktop\MyJava\Hospital_Management_\src\main\webapp\conf\Catalina\localhost\Hospital_Management_.xml]
31-Jan-2025 08:43:57.889 INFO [main] org.apache.jasper.servlet.TldScanner.scanJars At least one JAR was scanned for TLDs yet contained no TLDs. Enable debug logging for this logger for a complete list of JARs that were scanned but no TLDs were found in them. Skipping unneeded JARs during scanning can improve startup time and JSP compilation time.
31-Jan-2025 08:43:58.076 INFO [main] org.apache.catalina.startup.HostConfig.deployDescriptor Deployment of deployment descriptor [C:\Users\Shree\Desktop\MyJava\Hospital_Management_\src\main\webapp\conf\Catalina\localhost\Hospital_Management_.xml] has finished in [3,366] ms
31-Jan-2025 08:43:58.086 INFO [main] org.apache.coyote.AbstractProtocol.start Starting ProtocolHandler ["http-nio-8080"]
31-Jan-2025 08:43:58.188 INFO [main] org.apache.catalina.startup.Catalina.start Server startup in [3681] milliseconds
31-Jan-2025 09:03:11.847 INFO [Thread-1] org.apache.coyote.AbstractProtocol.pause Pausing ProtocolHandler ["http-nio-8080"]
31-Jan-2025 09:03:11.936 INFO [Thread-1] org.apache.catalina.core.StandardService.stopInternal Stopping service [Catalina]
31-Jan-2025 09:03:12.538 WARNING [Thread-1] org.apache.catalina.loader.WebappClassLoaderBase.clearReferencesJdbc The web application [Hospital_Management_] registered the JDBC driver [com.mysql.cj.jdbc.Driver] but failed to unregister it when the web application was stopped. To prevent a memory leak, the JDBC Driver has been forcibly unregistered.
31-Jan-2025 09:03:12.562 WARNING [Thread-1] org.apache.catalina.loader.WebappClassLoaderBase.clearReferencesThreads The web application [Hospital_Management_] appears to have started a thread named [mysql-cj-abandoned-connection-cleanup] but has failed to stop it. This is very likely to create a memory leak. Stack trace of thread:
 java.base/java.io.RandomAccessFile.readBytes0(Native Method)
 java.base/java.io.RandomAccessFile.readBytes(RandomAccessFile.java:428)
 java.base/java.io.RandomAccessFile.read(RandomAccessFile.java:478)
 java.base/java.io.RandomAccessFile.readFully(RandomAccessFile.java:542)
 java.base/java.util.zip.ZipFile$Source.readFullyAt(ZipFile.java:1595)
 java.base/java.util.zip.ZipFile$ZipFileInputStream.initDataOffset(ZipFile.java:950)
 java.base/java.util.zip.ZipFile$ZipFileInputStream.read(ZipFile.java:966)
 java.base/java.util.zip.ZipFile$ZipFileInflaterInputStream.fill(ZipFile.java:474)
 java.base/java.util.zip.InflaterInputStream.read(InflaterInputStream.java:176)
 org.apache.catalina.webresources.AbstractArchiveResource$JarInputStreamWrapper.read(AbstractArchiveResource.java:269)
 org.apache.catalina.webresources.AbstractArchiveResource.getContent(AbstractArchiveResource.java:192)
 org.apache.catalina.loader.WebappClassLoaderBase.findClassInternal(WebappClassLoaderBase.java:2264)
 org.apache.catalina.loader.WebappClassLoaderBase.findClassInternal(WebappClassLoaderBase.java:2208)
 org.apache.catalina.loader.WebappClassLoaderBase.findClass(WebappClassLoaderBase.java:823)
 org.apache.catalina.loader.WebappClassLoaderBase.loadClass(WebappClassLoaderBase.java:1310)
 org.apache.catalina.loader.WebappClassLoaderBase.loadClass(WebappClassLoaderBase.java:1158)
 com.mysql.cj.protocol.NetworkResources.forceClose(NetworkResources.java:45)
 com.mysql.cj.jdbc.AbandonedConnectionCleanupThread$ConnectionFinalizerPhantomReference.finalizeResources(AbandonedConnectionCleanupThread.java:242)
 com.mysql.cj.jdbc.AbandonedConnectionCleanupThread.finalizeResource(AbandonedConnectionCleanupThread.java:219)
 com.mysql.cj.jdbc.AbandonedConnectionCleanupThread.run(AbandonedConnectionCleanupThread.java:86)
 java.base/java.util.concurrent.ThreadPoolExecutor.runWorker(ThreadPoolExecutor.java:1144)
 java.base/java.util.concurrent.ThreadPoolExecutor$Worker.run(ThreadPoolExecutor.java:642)
 java.base/java.lang.Thread.run(Thread.java:1575)
31-Jan-2025 09:03:12.708 INFO [Thread-1] org.apache.coyote.AbstractProtocol.stop Stopping ProtocolHandler ["http-nio-8080"]
31-Jan-2025 09:03:12.787 INFO [Thread-1] org.apache.coyote.AbstractProtocol.destroy Destroying ProtocolHandler ["http-nio-8080"]
31-Jan-2025 09:03:28.459 INFO [main] org.apache.catalina.startup.VersionLoggerListener.log Server version name:   Apache Tomcat/9.0.98
31-Jan-2025 09:03:28.471 INFO [main] org.apache.catalina.startup.VersionLoggerListener.log Server built:          Dec 5 2024 19:50:29 UTC
31-Jan-2025 09:03:28.471 INFO [main] org.apache.catalina.startup.VersionLoggerListener.log Server version number: 9.0.98.0
31-Jan-2025 09:03:28.472 INFO [main] org.apache.catalina.startup.VersionLoggerListener.log OS Name:               Windows 10
31-Jan-2025 09:03:28.472 INFO [main] org.apache.catalina.startup.VersionLoggerListener.log OS Version:            10.0
31-Jan-2025 09:03:28.472 INFO [main] org.apache.catalina.startup.VersionLoggerListener.log Architecture:          amd64
31-Jan-2025 09:03:28.473 INFO [main] org.apache.catalina.startup.VersionLoggerListener.log Java Home:             C:\Program Files\Java\jdk-23
31-Jan-2025 09:03:28.473 INFO [main] org.apache.catalina.startup.VersionLoggerListener.log JVM Version:           23.0.1+11-39
31-Jan-2025 09:03:28.473 INFO [main] org.apache.catalina.startup.VersionLoggerListener.log JVM Vendor:            Oracle Corporation
31-Jan-2025 09:03:28.474 INFO [main] org.apache.catalina.startup.VersionLoggerListener.log CATALINA_BASE:         C:\Users\Shree\Desktop\MyJava\Hospital_Management_\src\main\webapp
31-Jan-2025 09:03:28.474 INFO [main] org.apache.catalina.startup.VersionLoggerListener.log CATALINA_HOME:         C:\Program Files\apache-tomcat-9.0.98-windows-x64\apache-tomcat-9.0.98
31-Jan-2025 09:03:28.514 INFO [main] org.apache.catalina.startup.VersionLoggerListener.log Command line argument: --add-opens=java.base/java.lang=ALL-UNNAMED
31-Jan-2025 09:03:28.515 INFO [main] org.apache.catalina.startup.VersionLoggerListener.log Command line argument: --add-opens=java.base/java.io=ALL-UNNAMED
31-Jan-2025 09:03:28.516 INFO [main] org.apache.catalina.startup.VersionLoggerListener.log Command line argument: --add-opens=java.base/java.util=ALL-UNNAMED
31-Jan-2025 09:03:28.517 INFO [main] org.apache.catalina.startup.VersionLoggerListener.log Command line argument: --add-opens=java.base/java.util.concurrent=ALL-UNNAMED
31-Jan-2025 09:03:28.517 INFO [main] org.apache.catalina.startup.VersionLoggerListener.log Command line argument: --add-opens=java.rmi/sun.rmi.transport=ALL-UNNAMED
31-Jan-2025 09:03:28.517 INFO [main] org.apache.catalina.startup.VersionLoggerListener.log Command line argument: -Dcatalina.home=C:\Program Files\apache-tomcat-9.0.98-windows-x64\apache-tomcat-9.0.98
31-Jan-2025 09:03:28.517 INFO [main] org.apache.catalina.startup.VersionLoggerListener.log Command line argument: -Dcatalina.base=C:\Users\Shree\Desktop\MyJava\Hospital_Management_\src\main\webapp
31-Jan-2025 09:03:28.518 INFO [main] org.apache.catalina.startup.VersionLoggerListener.log Command line argument: -Djava.io.tmpdir=C:\Users\Shree\Desktop\MyJava\Hospital_Management_\src\main\webapp\temp
31-Jan-2025 09:03:28.518 INFO [main] org.apache.catalina.startup.VersionLoggerListener.log Command line argument: -Djava.util.logging.config.file=C:\Users\Shree\Desktop\MyJava\Hospital_Management_\src\main\webapp\conf\logging.properties
31-Jan-2025 09:03:28.519 INFO [main] org.apache.catalina.startup.VersionLoggerListener.log Command line argument: -Djava.util.logging.manager=org.apache.juli.ClassLoaderLogManager
31-Jan-2025 09:03:28.520 INFO [main] org.apache.catalina.startup.VersionLoggerListener.log Command line argument: -javaagent:C:\Program Files\JetBrains\IntelliJ IDEA Community Edition 2024.3.2\lib\idea_rt.jar=52186:C:\Program Files\JetBrains\IntelliJ IDEA Community Edition 2024.3.2\bin
31-Jan-2025 09:03:28.521 INFO [main] org.apache.catalina.startup.VersionLoggerListener.log Command line argument: -Dfile.encoding=UTF-8
31-Jan-2025 09:03:28.521 INFO [main] org.apache.catalina.startup.VersionLoggerListener.log Command line argument: -Dsun.stdout.encoding=UTF-8
31-Jan-2025 09:03:28.521 INFO [main] org.apache.catalina.startup.VersionLoggerListener.log Command line argument: -Dsun.stderr.encoding=UTF-8
31-Jan-2025 09:03:28.534 INFO [main] org.apache.catalina.core.AprLifecycleListener.lifecycleEvent Loaded Apache Tomcat Native library [1.3.1] using APR version [1.7.4].
31-Jan-2025 09:03:28.534 INFO [main] org.apache.catalina.core.AprLifecycleListener.lifecycleEvent APR capabilities: IPv6 [true], sendfile [true], accept filters [false], random [true], UDS [true].
31-Jan-2025 09:03:28.534 INFO [main] org.apache.catalina.core.AprLifecycleListener.lifecycleEvent APR/OpenSSL configuration: useAprConnector [false], useOpenSSL [true]
31-Jan-2025 09:03:28.571 INFO [main] org.apache.catalina.core.AprLifecycleListener.initializeSSL OpenSSL successfully initialized [OpenSSL 3.0.14 4 Jun 2024]
31-Jan-2025 09:03:31.137 INFO [main] org.apache.coyote.AbstractProtocol.init Initializing ProtocolHandler ["http-nio-8080"]
31-Jan-2025 09:03:31.230 INFO [main] org.apache.catalina.startup.Catalina.load Server initialization in [3501] milliseconds
31-Jan-2025 09:03:31.503 INFO [main] org.apache.catalina.core.StandardService.startInternal Starting service [Catalina]
31-Jan-2025 09:03:31.504 INFO [main] org.apache.catalina.core.StandardEngine.startInternal Starting Servlet engine: [Apache Tomcat/9.0.98]
31-Jan-2025 09:03:31.537 INFO [main] org.apache.catalina.startup.HostConfig.deployDescriptor Deploying deployment descriptor [C:\Users\Shree\Desktop\MyJava\Hospital_Management_\src\main\webapp\conf\Catalina\localhost\Hospital_Management_.xml]
31-Jan-2025 09:03:35.183 INFO [main] org.apache.jasper.servlet.TldScanner.scanJars At least one JAR was scanned for TLDs yet contained no TLDs. Enable debug logging for this logger for a complete list of JARs that were scanned but no TLDs were found in them. Skipping unneeded JARs during scanning can improve startup time and JSP compilation time.
31-Jan-2025 09:03:35.412 INFO [main] org.apache.catalina.startup.HostConfig.deployDescriptor Deployment of deployment descriptor [C:\Users\Shree\Desktop\MyJava\Hospital_Management_\src\main\webapp\conf\Catalina\localhost\Hospital_Management_.xml] has finished in [3,873] ms
31-Jan-2025 09:03:35.423 INFO [main] org.apache.coyote.AbstractProtocol.start Starting ProtocolHandler ["http-nio-8080"]
31-Jan-2025 09:03:35.493 INFO [main] org.apache.catalina.startup.Catalina.start Server startup in [4258] milliseconds
31-Jan-2025 09:04:48.965 INFO [Thread-1] org.apache.coyote.AbstractProtocol.pause Pausing ProtocolHandler ["http-nio-8080"]
31-Jan-2025 09:04:48.975 INFO [Thread-1] org.apache.catalina.core.StandardService.stopInternal Stopping service [Catalina]
31-Jan-2025 09:04:48.991 WARNING [Thread-1] org.apache.catalina.loader.WebappClassLoaderBase.clearReferencesJdbc The web application [Hospital_Management_] registered the JDBC driver [com.mysql.cj.jdbc.Driver] but failed to unregister it when the web application was stopped. To prevent a memory leak, the JDBC Driver has been forcibly unregistered.
31-Jan-2025 09:04:48.992 WARNING [Thread-1] org.apache.catalina.loader.WebappClassLoaderBase.clearReferencesThreads The web application [Hospital_Management_] appears to have started a thread named [mysql-cj-abandoned-connection-cleanup] but has failed to stop it. This is very likely to create a memory leak. Stack trace of thread:
 java.base/jdk.internal.misc.Unsafe.park(Native Method)
 java.base/java.util.concurrent.locks.LockSupport.parkNanos(LockSupport.java:269)
 java.base/java.util.concurrent.locks.AbstractQueuedSynchronizer$ConditionObject.await(AbstractQueuedSynchronizer.java:1852)
 java.base/java.lang.ref.ReferenceQueue.await(ReferenceQueue.java:79)
 java.base/java.lang.ref.ReferenceQueue.remove0(ReferenceQueue.java:151)
 java.base/java.lang.ref.ReferenceQueue.remove(ReferenceQueue.java:229)
 com.mysql.cj.jdbc.AbandonedConnectionCleanupThread.run(AbandonedConnectionCleanupThread.java:84)
 java.base/java.util.concurrent.ThreadPoolExecutor.runWorker(ThreadPoolExecutor.java:1144)
 java.base/java.util.concurrent.ThreadPoolExecutor$Worker.run(ThreadPoolExecutor.java:642)
 java.base/java.lang.Thread.run(Thread.java:1575)
31-Jan-2025 09:04:49.012 INFO [Thread-1] org.apache.coyote.AbstractProtocol.stop Stopping ProtocolHandler ["http-nio-8080"]
31-Jan-2025 09:04:49.037 INFO [Thread-1] org.apache.coyote.AbstractProtocol.destroy Destroying ProtocolHandler ["http-nio-8080"]
31-Jan-2025 09:05:00.196 INFO [main] org.apache.catalina.startup.VersionLoggerListener.log Server version name:   Apache Tomcat/9.0.98
31-Jan-2025 09:05:00.212 INFO [main] org.apache.catalina.startup.VersionLoggerListener.log Server built:          Dec 5 2024 19:50:29 UTC
31-Jan-2025 09:05:00.212 INFO [main] org.apache.catalina.startup.VersionLoggerListener.log Server version number: 9.0.98.0
31-Jan-2025 09:05:00.213 INFO [main] org.apache.catalina.startup.VersionLoggerListener.log OS Name:               Windows 10
31-Jan-2025 09:05:00.213 INFO [main] org.apache.catalina.startup.VersionLoggerListener.log OS Version:            10.0
31-Jan-2025 09:05:00.215 INFO [main] org.apache.catalina.startup.VersionLoggerListener.log Architecture:          amd64
31-Jan-2025 09:05:00.216 INFO [main] org.apache.catalina.startup.VersionLoggerListener.log Java Home:             C:\Program Files\Java\jdk-23
31-Jan-2025 09:05:00.216 INFO [main] org.apache.catalina.startup.VersionLoggerListener.log JVM Version:           23.0.1+11-39
31-Jan-2025 09:05:00.216 INFO [main] org.apache.catalina.startup.VersionLoggerListener.log JVM Vendor:            Oracle Corporation
31-Jan-2025 09:05:00.216 INFO [main] org.apache.catalina.startup.VersionLoggerListener.log CATALINA_BASE:         C:\Users\Shree\Desktop\MyJava\Hospital_Management_\src\main\webapp
31-Jan-2025 09:05:00.216 INFO [main] org.apache.catalina.startup.VersionLoggerListener.log CATALINA_HOME:         C:\Program Files\apache-tomcat-9.0.98-windows-x64\apache-tomcat-9.0.98
31-Jan-2025 09:05:00.258 INFO [main] org.apache.catalina.startup.VersionLoggerListener.log Command line argument: --add-opens=java.base/java.lang=ALL-UNNAMED
31-Jan-2025 09:05:00.259 INFO [main] org.apache.catalina.startup.VersionLoggerListener.log Command line argument: --add-opens=java.base/java.io=ALL-UNNAMED
31-Jan-2025 09:05:00.260 INFO [main] org.apache.catalina.startup.VersionLoggerListener.log Command line argument: --add-opens=java.base/java.util=ALL-UNNAMED
31-Jan-2025 09:05:00.260 INFO [main] org.apache.catalina.startup.VersionLoggerListener.log Command line argument: --add-opens=java.base/java.util.concurrent=ALL-UNNAMED
31-Jan-2025 09:05:00.260 INFO [main] org.apache.catalina.startup.VersionLoggerListener.log Command line argument: --add-opens=java.rmi/sun.rmi.transport=ALL-UNNAMED
31-Jan-2025 09:05:00.260 INFO [main] org.apache.catalina.startup.VersionLoggerListener.log Command line argument: -agentlib:jdwp=transport=dt_socket,address=127.0.0.1:52201,suspend=y,server=n
31-Jan-2025 09:05:00.261 INFO [main] org.apache.catalina.startup.VersionLoggerListener.log Command line argument: -Dcatalina.home=C:\Program Files\apache-tomcat-9.0.98-windows-x64\apache-tomcat-9.0.98
31-Jan-2025 09:05:00.261 INFO [main] org.apache.catalina.startup.VersionLoggerListener.log Command line argument: -Dcatalina.base=C:\Users\Shree\Desktop\MyJava\Hospital_Management_\src\main\webapp
31-Jan-2025 09:05:00.277 INFO [main] org.apache.catalina.startup.VersionLoggerListener.log Command line argument: -Djava.io.tmpdir=C:\Users\Shree\Desktop\MyJava\Hospital_Management_\src\main\webapp\temp
31-Jan-2025 09:05:00.277 INFO [main] org.apache.catalina.startup.VersionLoggerListener.log Command line argument: -Djava.util.logging.config.file=C:\Users\Shree\Desktop\MyJava\Hospital_Management_\src\main\webapp\conf\logging.properties
31-Jan-2025 09:05:00.278 INFO [main] org.apache.catalina.startup.VersionLoggerListener.log Command line argument: -Djava.util.logging.manager=org.apache.juli.ClassLoaderLogManager
31-Jan-2025 09:05:00.278 INFO [main] org.apache.catalina.startup.VersionLoggerListener.log Command line argument: -javaagent:C:\Users\Shree\AppData\Local\JetBrains\IdeaIC2024.3\captureAgent\debugger-agent.jar
31-Jan-2025 09:05:00.280 INFO [main] org.apache.catalina.startup.VersionLoggerListener.log Command line argument: -Dkotlinx.coroutines.debug.enable.creation.stack.trace=false
31-Jan-2025 09:05:00.280 INFO [main] org.apache.catalina.startup.VersionLoggerListener.log Command line argument: -Ddebugger.agent.enable.coroutines=true
31-Jan-2025 09:05:00.281 INFO [main] org.apache.catalina.startup.VersionLoggerListener.log Command line argument: -Dkotlinx.coroutines.debug.enable.flows.stack.trace=true
31-Jan-2025 09:05:00.281 INFO [main] org.apache.catalina.startup.VersionLoggerListener.log Command line argument: -Dkotlinx.coroutines.debug.enable.mutable.state.flows.stack.trace=true
31-Jan-2025 09:05:00.281 INFO [main] org.apache.catalina.startup.VersionLoggerListener.log Command line argument: -Dfile.encoding=UTF-8
31-Jan-2025 09:05:00.282 INFO [main] org.apache.catalina.startup.VersionLoggerListener.log Command line argument: -Dsun.stdout.encoding=UTF-8
31-Jan-2025 09:05:00.284 INFO [main] org.apache.catalina.startup.VersionLoggerListener.log Command line argument: -Dsun.stderr.encoding=UTF-8
31-Jan-2025 09:05:00.305 INFO [main] org.apache.catalina.core.AprLifecycleListener.lifecycleEvent Loaded Apache Tomcat Native library [1.3.1] using APR version [1.7.4].
31-Jan-2025 09:05:00.306 INFO [main] org.apache.catalina.core.AprLifecycleListener.lifecycleEvent APR capabilities: IPv6 [true], sendfile [true], accept filters [false], random [true], UDS [true].
31-Jan-2025 09:05:00.306 INFO [main] org.apache.catalina.core.AprLifecycleListener.lifecycleEvent APR/OpenSSL configuration: useAprConnector [false], useOpenSSL [true]
31-Jan-2025 09:05:00.322 INFO [main] org.apache.catalina.core.AprLifecycleListener.initializeSSL OpenSSL successfully initialized [OpenSSL 3.0.14 4 Jun 2024]
31-Jan-2025 09:05:02.041 INFO [main] org.apache.coyote.AbstractProtocol.init Initializing ProtocolHandler ["http-nio-8080"]
31-Jan-2025 09:05:02.146 INFO [main] org.apache.catalina.startup.Catalina.load Server initialization in [2816] milliseconds
31-Jan-2025 09:05:02.432 INFO [main] org.apache.catalina.core.StandardService.startInternal Starting service [Catalina]
31-Jan-2025 09:05:02.434 INFO [main] org.apache.catalina.core.StandardEngine.startInternal Starting Servlet engine: [Apache Tomcat/9.0.98]
31-Jan-2025 09:05:02.507 INFO [main] org.apache.catalina.startup.HostConfig.deployDescriptor Deploying deployment descriptor [C:\Users\Shree\Desktop\MyJava\Hospital_Management_\src\main\webapp\conf\Catalina\localhost\Hospital_Management_.xml]
31-Jan-2025 09:05:05.855 INFO [main] org.apache.jasper.servlet.TldScanner.scanJars At least one JAR was scanned for TLDs yet contained no TLDs. Enable debug logging for this logger for a complete list of JARs that were scanned but no TLDs were found in them. Skipping unneeded JARs during scanning can improve startup time and JSP compilation time.
31-Jan-2025 09:05:06.099 INFO [main] org.apache.catalina.startup.HostConfig.deployDescriptor Deployment of deployment descriptor [C:\Users\Shree\Desktop\MyJava\Hospital_Management_\src\main\webapp\conf\Catalina\localhost\Hospital_Management_.xml] has finished in [3,590] ms
31-Jan-2025 09:05:06.110 INFO [main] org.apache.coyote.AbstractProtocol.start Starting ProtocolHandler ["http-nio-8080"]
31-Jan-2025 09:05:06.234 INFO [main] org.apache.catalina.startup.Catalina.start Server startup in [4083] milliseconds
31-Jan-2025 09:08:57.791 INFO [Thread-1] org.apache.coyote.AbstractProtocol.pause Pausing ProtocolHandler ["http-nio-8080"]
31-Jan-2025 09:08:57.803 INFO [Thread-1] org.apache.catalina.core.StandardService.stopInternal Stopping service [Catalina]
31-Jan-2025 09:08:57.830 WARNING [Thread-1] org.apache.catalina.loader.WebappClassLoaderBase.clearReferencesJdbc The web application [Hospital_Management_] registered the JDBC driver [com.mysql.cj.jdbc.Driver] but failed to unregister it when the web application was stopped. To prevent a memory leak, the JDBC Driver has been forcibly unregistered.
31-Jan-2025 09:08:57.831 WARNING [Thread-1] org.apache.catalina.loader.WebappClassLoaderBase.clearReferencesThreads The web application [Hospital_Management_] appears to have started a thread named [mysql-cj-abandoned-connection-cleanup] but has failed to stop it. This is very likely to create a memory leak. Stack trace of thread:
 java.base/jdk.internal.misc.Unsafe.park(Native Method)
 java.base/java.util.concurrent.locks.LockSupport.parkNanos(LockSupport.java:269)
 java.base/java.util.concurrent.locks.AbstractQueuedSynchronizer$ConditionObject.await(AbstractQueuedSynchronizer.java:1852)
 java.base/java.lang.ref.ReferenceQueue.await(ReferenceQueue.java:79)
 java.base/java.lang.ref.ReferenceQueue.remove0(ReferenceQueue.java:151)
 java.base/java.lang.ref.ReferenceQueue.remove(ReferenceQueue.java:229)
 com.mysql.cj.jdbc.AbandonedConnectionCleanupThread.run(AbandonedConnectionCleanupThread.java:84)
 java.base/java.util.concurrent.ThreadPoolExecutor.runWorker(ThreadPoolExecutor.java:1144)
 java.base/java.util.concurrent.ThreadPoolExecutor$Worker.run(ThreadPoolExecutor.java:642)
 java.base/java.lang.Thread.run(Thread.java:1575)
31-Jan-2025 09:08:57.860 INFO [Thread-1] org.apache.coyote.AbstractProtocol.stop Stopping ProtocolHandler ["http-nio-8080"]
31-Jan-2025 09:08:57.940 INFO [Thread-1] org.apache.coyote.AbstractProtocol.destroy Destroying ProtocolHandler ["http-nio-8080"]
31-Jan-2025 09:10:03.237 INFO [main] org.apache.catalina.startup.VersionLoggerListener.log Server version name:   Apache Tomcat/9.0.98
31-Jan-2025 09:10:03.251 INFO [main] org.apache.catalina.startup.VersionLoggerListener.log Server built:          Dec 5 2024 19:50:29 UTC
31-Jan-2025 09:10:03.252 INFO [main] org.apache.catalina.startup.VersionLoggerListener.log Server version number: 9.0.98.0
31-Jan-2025 09:10:03.255 INFO [main] org.apache.catalina.startup.VersionLoggerListener.log OS Name:               Windows 10
31-Jan-2025 09:10:03.255 INFO [main] org.apache.catalina.startup.VersionLoggerListener.log OS Version:            10.0
31-Jan-2025 09:10:03.255 INFO [main] org.apache.catalina.startup.VersionLoggerListener.log Architecture:          amd64
31-Jan-2025 09:10:03.256 INFO [main] org.apache.catalina.startup.VersionLoggerListener.log Java Home:             C:\Program Files\Java\jdk-23
31-Jan-2025 09:10:03.256 INFO [main] org.apache.catalina.startup.VersionLoggerListener.log JVM Version:           23.0.1+11-39
31-Jan-2025 09:10:03.256 INFO [main] org.apache.catalina.startup.VersionLoggerListener.log JVM Vendor:            Oracle Corporation
31-Jan-2025 09:10:03.257 INFO [main] org.apache.catalina.startup.VersionLoggerListener.log CATALINA_BASE:         C:\Users\Shree\Desktop\MyJava\Hospital_Management_\src\main\webapp
31-Jan-2025 09:10:03.257 INFO [main] org.apache.catalina.startup.VersionLoggerListener.log CATALINA_HOME:         C:\Program Files\apache-tomcat-9.0.98-windows-x64\apache-tomcat-9.0.98
31-Jan-2025 09:10:03.310 INFO [main] org.apache.catalina.startup.VersionLoggerListener.log Command line argument: --add-opens=java.base/java.lang=ALL-UNNAMED
31-Jan-2025 09:10:03.310 INFO [main] org.apache.catalina.startup.VersionLoggerListener.log Command line argument: --add-opens=java.base/java.io=ALL-UNNAMED
31-Jan-2025 09:10:03.311 INFO [main] org.apache.catalina.startup.VersionLoggerListener.log Command line argument: --add-opens=java.base/java.util=ALL-UNNAMED
31-Jan-2025 09:10:03.311 INFO [main] org.apache.catalina.startup.VersionLoggerListener.log Command line argument: --add-opens=java.base/java.util.concurrent=ALL-UNNAMED
31-Jan-2025 09:10:03.311 INFO [main] org.apache.catalina.startup.VersionLoggerListener.log Command line argument: --add-opens=java.rmi/sun.rmi.transport=ALL-UNNAMED
31-Jan-2025 09:10:03.311 INFO [main] org.apache.catalina.startup.VersionLoggerListener.log Command line argument: -agentlib:jdwp=transport=dt_socket,address=127.0.0.1:52226,suspend=y,server=n
31-Jan-2025 09:10:03.311 INFO [main] org.apache.catalina.startup.VersionLoggerListener.log Command line argument: -Dcatalina.home=C:\Program Files\apache-tomcat-9.0.98-windows-x64\apache-tomcat-9.0.98
31-Jan-2025 09:10:03.312 INFO [main] org.apache.catalina.startup.VersionLoggerListener.log Command line argument: -Dcatalina.base=C:\Users\Shree\Desktop\MyJava\Hospital_Management_\src\main\webapp
31-Jan-2025 09:10:03.315 INFO [main] org.apache.catalina.startup.VersionLoggerListener.log Command line argument: -Djava.io.tmpdir=C:\Users\Shree\Desktop\MyJava\Hospital_Management_\src\main\webapp\temp
31-Jan-2025 09:10:03.315 INFO [main] org.apache.catalina.startup.VersionLoggerListener.log Command line argument: -Djava.util.logging.config.file=C:\Users\Shree\Desktop\MyJava\Hospital_Management_\src\main\webapp\conf\logging.properties
31-Jan-2025 09:10:03.315 INFO [main] org.apache.catalina.startup.VersionLoggerListener.log Command line argument: -Djava.util.logging.manager=org.apache.juli.ClassLoaderLogManager
31-Jan-2025 09:10:03.316 INFO [main] org.apache.catalina.startup.VersionLoggerListener.log Command line argument: -javaagent:C:\Users\Shree\AppData\Local\JetBrains\IdeaIC2024.3\captureAgent\debugger-agent.jar
31-Jan-2025 09:10:03.316 INFO [main] org.apache.catalina.startup.VersionLoggerListener.log Command line argument: -Dkotlinx.coroutines.debug.enable.creation.stack.trace=false
31-Jan-2025 09:10:03.316 INFO [main] org.apache.catalina.startup.VersionLoggerListener.log Command line argument: -Ddebugger.agent.enable.coroutines=true
31-Jan-2025 09:10:03.316 INFO [main] org.apache.catalina.startup.VersionLoggerListener.log Command line argument: -Dkotlinx.coroutines.debug.enable.flows.stack.trace=true
31-Jan-2025 09:10:03.316 INFO [main] org.apache.catalina.startup.VersionLoggerListener.log Command line argument: -Dkotlinx.coroutines.debug.enable.mutable.state.flows.stack.trace=true
31-Jan-2025 09:10:03.317 INFO [main] org.apache.catalina.startup.VersionLoggerListener.log Command line argument: -Dfile.encoding=UTF-8
31-Jan-2025 09:10:03.317 INFO [main] org.apache.catalina.startup.VersionLoggerListener.log Command line argument: -Dsun.stdout.encoding=UTF-8
31-Jan-2025 09:10:03.318 INFO [main] org.apache.catalina.startup.VersionLoggerListener.log Command line argument: -Dsun.stderr.encoding=UTF-8
31-Jan-2025 09:10:03.330 INFO [main] org.apache.catalina.core.AprLifecycleListener.lifecycleEvent Loaded Apache Tomcat Native library [1.3.1] using APR version [1.7.4].
31-Jan-2025 09:10:03.331 INFO [main] org.apache.catalina.core.AprLifecycleListener.lifecycleEvent APR capabilities: IPv6 [true], sendfile [true], accept filters [false], random [true], UDS [true].
31-Jan-2025 09:10:03.331 INFO [main] org.apache.catalina.core.AprLifecycleListener.lifecycleEvent APR/OpenSSL configuration: useAprConnector [false], useOpenSSL [true]
31-Jan-2025 09:10:03.347 INFO [main] org.apache.catalina.core.AprLifecycleListener.initializeSSL OpenSSL successfully initialized [OpenSSL 3.0.14 4 Jun 2024]
31-Jan-2025 09:10:04.990 INFO [main] org.apache.coyote.AbstractProtocol.init Initializing ProtocolHandler ["http-nio-8080"]
31-Jan-2025 09:10:05.077 INFO [main] org.apache.catalina.startup.Catalina.load Server initialization in [2752] milliseconds
31-Jan-2025 09:10:05.317 INFO [main] org.apache.catalina.core.StandardService.startInternal Starting service [Catalina]
31-Jan-2025 09:10:05.318 INFO [main] org.apache.catalina.core.StandardEngine.startInternal Starting Servlet engine: [Apache Tomcat/9.0.98]
31-Jan-2025 09:10:05.365 INFO [main] org.apache.catalina.startup.HostConfig.deployDescriptor Deploying deployment descriptor [C:\Users\Shree\Desktop\MyJava\Hospital_Management_\src\main\webapp\conf\Catalina\localhost\Hospital_Management_.xml]
31-Jan-2025 09:10:08.962 INFO [main] org.apache.jasper.servlet.TldScanner.scanJars At least one JAR was scanned for TLDs yet contained no TLDs. Enable debug logging for this logger for a complete list of JARs that were scanned but no TLDs were found in them. Skipping unneeded JARs during scanning can improve startup time and JSP compilation time.
31-Jan-2025 09:10:09.188 INFO [main] org.apache.catalina.startup.HostConfig.deployDescriptor Deployment of deployment descriptor [C:\Users\Shree\Desktop\MyJava\Hospital_Management_\src\main\webapp\conf\Catalina\localhost\Hospital_Management_.xml] has finished in [3,822] ms
31-Jan-2025 09:10:09.204 INFO [main] org.apache.coyote.AbstractProtocol.start Starting ProtocolHandler ["http-nio-8080"]
31-Jan-2025 09:10:09.307 INFO [main] org.apache.catalina.startup.Catalina.start Server startup in [4224] milliseconds
31-Jan-2025 09:13:01.502 INFO [Thread-1] org.apache.coyote.AbstractProtocol.pause Pausing ProtocolHandler ["http-nio-8080"]
31-Jan-2025 09:13:01.515 INFO [Thread-1] org.apache.catalina.core.StandardService.stopInternal Stopping service [Catalina]
31-Jan-2025 09:13:01.591 WARNING [Thread-1] org.apache.catalina.loader.WebappClassLoaderBase.clearReferencesJdbc The web application [Hospital_Management_] registered the JDBC driver [com.mysql.cj.jdbc.Driver] but failed to unregister it when the web application was stopped. To prevent a memory leak, the JDBC Driver has been forcibly unregistered.
31-Jan-2025 09:13:01.593 WARNING [Thread-1] org.apache.catalina.loader.WebappClassLoaderBase.clearReferencesThreads The web application [Hospital_Management_] appears to have started a thread named [mysql-cj-abandoned-connection-cleanup] but has failed to stop it. This is very likely to create a memory leak. Stack trace of thread:
 java.base/jdk.internal.misc.Unsafe.park(Native Method)
 java.base/java.util.concurrent.locks.LockSupport.parkNanos(LockSupport.java:269)
 java.base/java.util.concurrent.locks.AbstractQueuedSynchronizer$ConditionObject.await(AbstractQueuedSynchronizer.java:1852)
 java.base/java.lang.ref.ReferenceQueue.await(ReferenceQueue.java:79)
 java.base/java.lang.ref.ReferenceQueue.remove0(ReferenceQueue.java:151)
 java.base/java.lang.ref.ReferenceQueue.remove(ReferenceQueue.java:229)
 com.mysql.cj.jdbc.AbandonedConnectionCleanupThread.run(AbandonedConnectionCleanupThread.java:84)
 java.base/java.util.concurrent.ThreadPoolExecutor.runWorker(ThreadPoolExecutor.java:1144)
 java.base/java.util.concurrent.ThreadPoolExecutor$Worker.run(ThreadPoolExecutor.java:642)
 java.base/java.lang.Thread.run(Thread.java:1575)
31-Jan-2025 09:13:01.633 INFO [Thread-1] org.apache.coyote.AbstractProtocol.stop Stopping ProtocolHandler ["http-nio-8080"]
31-Jan-2025 09:13:01.649 INFO [Thread-1] org.apache.coyote.AbstractProtocol.destroy Destroying ProtocolHandler ["http-nio-8080"]
31-Jan-2025 09:15:13.007 INFO [main] org.apache.catalina.startup.VersionLoggerListener.log Server version name:   Apache Tomcat/9.0.98
31-Jan-2025 09:15:13.020 INFO [main] org.apache.catalina.startup.VersionLoggerListener.log Server built:          Dec 5 2024 19:50:29 UTC
31-Jan-2025 09:15:13.021 INFO [main] org.apache.catalina.startup.VersionLoggerListener.log Server version number: 9.0.98.0
31-Jan-2025 09:15:13.023 INFO [main] org.apache.catalina.startup.VersionLoggerListener.log OS Name:               Windows 10
31-Jan-2025 09:15:13.024 INFO [main] org.apache.catalina.startup.VersionLoggerListener.log OS Version:            10.0
31-Jan-2025 09:15:13.025 INFO [main] org.apache.catalina.startup.VersionLoggerListener.log Architecture:          amd64
31-Jan-2025 09:15:13.025 INFO [main] org.apache.catalina.startup.VersionLoggerListener.log Java Home:             C:\Program Files\Java\jdk-23
31-Jan-2025 09:15:13.026 INFO [main] org.apache.catalina.startup.VersionLoggerListener.log JVM Version:           23.0.1+11-39
31-Jan-2025 09:15:13.026 INFO [main] org.apache.catalina.startup.VersionLoggerListener.log JVM Vendor:            Oracle Corporation
31-Jan-2025 09:15:13.027 INFO [main] org.apache.catalina.startup.VersionLoggerListener.log CATALINA_BASE:         C:\Users\Shree\Desktop\MyJava\Hospital_Management_\src\main\webapp
31-Jan-2025 09:15:13.027 INFO [main] org.apache.catalina.startup.VersionLoggerListener.log CATALINA_HOME:         C:\Program Files\apache-tomcat-9.0.98-windows-x64\apache-tomcat-9.0.98
31-Jan-2025 09:15:13.064 INFO [main] org.apache.catalina.startup.VersionLoggerListener.log Command line argument: --add-opens=java.base/java.lang=ALL-UNNAMED
31-Jan-2025 09:15:13.065 INFO [main] org.apache.catalina.startup.VersionLoggerListener.log Command line argument: --add-opens=java.base/java.io=ALL-UNNAMED
31-Jan-2025 09:15:13.066 INFO [main] org.apache.catalina.startup.VersionLoggerListener.log Command line argument: --add-opens=java.base/java.util=ALL-UNNAMED
31-Jan-2025 09:15:13.066 INFO [main] org.apache.catalina.startup.VersionLoggerListener.log Command line argument: --add-opens=java.base/java.util.concurrent=ALL-UNNAMED
31-Jan-2025 09:15:13.066 INFO [main] org.apache.catalina.startup.VersionLoggerListener.log Command line argument: --add-opens=java.rmi/sun.rmi.transport=ALL-UNNAMED
31-Jan-2025 09:15:13.066 INFO [main] org.apache.catalina.startup.VersionLoggerListener.log Command line argument: -agentlib:jdwp=transport=dt_socket,address=127.0.0.1:52246,suspend=y,server=n
31-Jan-2025 09:15:13.068 INFO [main] org.apache.catalina.startup.VersionLoggerListener.log Command line argument: -Dcatalina.home=C:\Program Files\apache-tomcat-9.0.98-windows-x64\apache-tomcat-9.0.98
31-Jan-2025 09:15:13.069 INFO [main] org.apache.catalina.startup.VersionLoggerListener.log Command line argument: -Dcatalina.base=C:\Users\Shree\Desktop\MyJava\Hospital_Management_\src\main\webapp
31-Jan-2025 09:15:13.069 INFO [main] org.apache.catalina.startup.VersionLoggerListener.log Command line argument: -Djava.io.tmpdir=C:\Users\Shree\Desktop\MyJava\Hospital_Management_\src\main\webapp\temp
31-Jan-2025 09:15:13.069 INFO [main] org.apache.catalina.startup.VersionLoggerListener.log Command line argument: -Djava.util.logging.config.file=C:\Users\Shree\Desktop\MyJava\Hospital_Management_\src\main\webapp\conf\logging.properties
31-Jan-2025 09:15:13.070 INFO [main] org.apache.catalina.startup.VersionLoggerListener.log Command line argument: -Djava.util.logging.manager=org.apache.juli.ClassLoaderLogManager
31-Jan-2025 09:15:13.070 INFO [main] org.apache.catalina.startup.VersionLoggerListener.log Command line argument: -javaagent:C:\Users\Shree\AppData\Local\JetBrains\IdeaIC2024.3\captureAgent\debugger-agent.jar
31-Jan-2025 09:15:13.070 INFO [main] org.apache.catalina.startup.VersionLoggerListener.log Command line argument: -Dkotlinx.coroutines.debug.enable.creation.stack.trace=false
31-Jan-2025 09:15:13.070 INFO [main] org.apache.catalina.startup.VersionLoggerListener.log Command line argument: -Ddebugger.agent.enable.coroutines=true
31-Jan-2025 09:15:13.071 INFO [main] org.apache.catalina.startup.VersionLoggerListener.log Command line argument: -Dkotlinx.coroutines.debug.enable.flows.stack.trace=true
31-Jan-2025 09:15:13.071 INFO [main] org.apache.catalina.startup.VersionLoggerListener.log Command line argument: -Dkotlinx.coroutines.debug.enable.mutable.state.flows.stack.trace=true
31-Jan-2025 09:15:13.071 INFO [main] org.apache.catalina.startup.VersionLoggerListener.log Command line argument: -Dfile.encoding=UTF-8
31-Jan-2025 09:15:13.071 INFO [main] org.apache.catalina.startup.VersionLoggerListener.log Command line argument: -Dsun.stdout.encoding=UTF-8
31-Jan-2025 09:15:13.072 INFO [main] org.apache.catalina.startup.VersionLoggerListener.log Command line argument: -Dsun.stderr.encoding=UTF-8
31-Jan-2025 09:15:13.082 INFO [main] org.apache.catalina.core.AprLifecycleListener.lifecycleEvent Loaded Apache Tomcat Native library [1.3.1] using APR version [1.7.4].
31-Jan-2025 09:15:13.082 INFO [main] org.apache.catalina.core.AprLifecycleListener.lifecycleEvent APR capabilities: IPv6 [true], sendfile [true], accept filters [false], random [true], UDS [true].
31-Jan-2025 09:15:13.082 INFO [main] org.apache.catalina.core.AprLifecycleListener.lifecycleEvent APR/OpenSSL configuration: useAprConnector [false], useOpenSSL [true]
31-Jan-2025 09:15:13.104 INFO [main] org.apache.catalina.core.AprLifecycleListener.initializeSSL OpenSSL successfully initialized [OpenSSL 3.0.14 4 Jun 2024]
31-Jan-2025 09:15:14.874 INFO [main] org.apache.coyote.AbstractProtocol.init Initializing ProtocolHandler ["http-nio-8080"]
31-Jan-2025 09:15:15.035 INFO [main] org.apache.catalina.startup.Catalina.load Server initialization in [3056] milliseconds
31-Jan-2025 09:15:15.318 INFO [main] org.apache.catalina.core.StandardService.startInternal Starting service [Catalina]
31-Jan-2025 09:15:15.319 INFO [main] org.apache.catalina.core.StandardEngine.startInternal Starting Servlet engine: [Apache Tomcat/9.0.98]
31-Jan-2025 09:15:15.348 INFO [main] org.apache.catalina.startup.HostConfig.deployDescriptor Deploying deployment descriptor [C:\Users\Shree\Desktop\MyJava\Hospital_Management_\src\main\webapp\conf\Catalina\localhost\Hospital_Management_.xml]
31-Jan-2025 09:15:18.994 INFO [main] org.apache.jasper.servlet.TldScanner.scanJars At least one JAR was scanned for TLDs yet contained no TLDs. Enable debug logging for this logger for a complete list of JARs that were scanned but no TLDs were found in them. Skipping unneeded JARs during scanning can improve startup time and JSP compilation time.
31-Jan-2025 09:15:19.197 INFO [main] org.apache.catalina.startup.HostConfig.deployDescriptor Deployment of deployment descriptor [C:\Users\Shree\Desktop\MyJava\Hospital_Management_\src\main\webapp\conf\Catalina\localhost\Hospital_Management_.xml] has finished in [3,848] ms
31-Jan-2025 09:15:19.215 INFO [main] org.apache.coyote.AbstractProtocol.start Starting ProtocolHandler ["http-nio-8080"]
31-Jan-2025 09:15:19.310 INFO [main] org.apache.catalina.startup.Catalina.start Server startup in [4268] milliseconds
31-Jan-2025 09:20:16.886 INFO [Thread-1] org.apache.coyote.AbstractProtocol.pause Pausing ProtocolHandler ["http-nio-8080"]
31-Jan-2025 09:20:16.901 INFO [Thread-1] org.apache.catalina.core.StandardService.stopInternal Stopping service [Catalina]
31-Jan-2025 09:20:16.969 WARNING [Thread-1] org.apache.catalina.loader.WebappClassLoaderBase.clearReferencesJdbc The web application [Hospital_Management_] registered the JDBC driver [com.mysql.cj.jdbc.Driver] but failed to unregister it when the web application was stopped. To prevent a memory leak, the JDBC Driver has been forcibly unregistered.
31-Jan-2025 09:20:16.971 WARNING [Thread-1] org.apache.catalina.loader.WebappClassLoaderBase.clearReferencesThreads The web application [Hospital_Management_] appears to have started a thread named [mysql-cj-abandoned-connection-cleanup] but has failed to stop it. This is very likely to create a memory leak. Stack trace of thread:
 java.base/jdk.internal.misc.Unsafe.park(Native Method)
 java.base/java.util.concurrent.locks.LockSupport.parkNanos(LockSupport.java:269)
 java.base/java.util.concurrent.locks.AbstractQueuedSynchronizer$ConditionObject.await(AbstractQueuedSynchronizer.java:1852)
 java.base/java.lang.ref.ReferenceQueue.await(ReferenceQueue.java:79)
 java.base/java.lang.ref.ReferenceQueue.remove0(ReferenceQueue.java:151)
 java.base/java.lang.ref.ReferenceQueue.remove(ReferenceQueue.java:229)
 com.mysql.cj.jdbc.AbandonedConnectionCleanupThread.run(AbandonedConnectionCleanupThread.java:84)
 java.base/java.util.concurrent.ThreadPoolExecutor.runWorker(ThreadPoolExecutor.java:1144)
 java.base/java.util.concurrent.ThreadPoolExecutor$Worker.run(ThreadPoolExecutor.java:642)
 java.base/java.lang.Thread.run(Thread.java:1575)
31-Jan-2025 09:20:17.005 INFO [Thread-1] org.apache.coyote.AbstractProtocol.stop Stopping ProtocolHandler ["http-nio-8080"]
31-Jan-2025 09:20:17.044 INFO [Thread-1] org.apache.coyote.AbstractProtocol.destroy Destroying ProtocolHandler ["http-nio-8080"]
31-Jan-2025 09:21:02.855 INFO [main] org.apache.catalina.startup.VersionLoggerListener.log Server version name:   Apache Tomcat/9.0.98
31-Jan-2025 09:21:02.872 INFO [main] org.apache.catalina.startup.VersionLoggerListener.log Server built:          Dec 5 2024 19:50:29 UTC
31-Jan-2025 09:21:02.872 INFO [main] org.apache.catalina.startup.VersionLoggerListener.log Server version number: 9.0.98.0
31-Jan-2025 09:21:02.876 INFO [main] org.apache.catalina.startup.VersionLoggerListener.log OS Name:               Windows 10
31-Jan-2025 09:21:02.877 INFO [main] org.apache.catalina.startup.VersionLoggerListener.log OS Version:            10.0
31-Jan-2025 09:21:02.877 INFO [main] org.apache.catalina.startup.VersionLoggerListener.log Architecture:          amd64
31-Jan-2025 09:21:02.878 INFO [main] org.apache.catalina.startup.VersionLoggerListener.log Java Home:             C:\Program Files\Java\jdk-23
31-Jan-2025 09:21:02.879 INFO [main] org.apache.catalina.startup.VersionLoggerListener.log JVM Version:           23.0.1+11-39
31-Jan-2025 09:21:02.879 INFO [main] org.apache.catalina.startup.VersionLoggerListener.log JVM Vendor:            Oracle Corporation
31-Jan-2025 09:21:02.880 INFO [main] org.apache.catalina.startup.VersionLoggerListener.log CATALINA_BASE:         C:\Users\Shree\Desktop\MyJava\Hospital_Management_\src\main\webapp
31-Jan-2025 09:21:02.880 INFO [main] org.apache.catalina.startup.VersionLoggerListener.log CATALINA_HOME:         C:\Program Files\apache-tomcat-9.0.98-windows-x64\apache-tomcat-9.0.98
31-Jan-2025 09:21:02.929 INFO [main] org.apache.catalina.startup.VersionLoggerListener.log Command line argument: --add-opens=java.base/java.lang=ALL-UNNAMED
31-Jan-2025 09:21:02.929 INFO [main] org.apache.catalina.startup.VersionLoggerListener.log Command line argument: --add-opens=java.base/java.io=ALL-UNNAMED
31-Jan-2025 09:21:02.929 INFO [main] org.apache.catalina.startup.VersionLoggerListener.log Command line argument: --add-opens=java.base/java.util=ALL-UNNAMED
31-Jan-2025 09:21:02.929 INFO [main] org.apache.catalina.startup.VersionLoggerListener.log Command line argument: --add-opens=java.base/java.util.concurrent=ALL-UNNAMED
31-Jan-2025 09:21:02.929 INFO [main] org.apache.catalina.startup.VersionLoggerListener.log Command line argument: --add-opens=java.rmi/sun.rmi.transport=ALL-UNNAMED
31-Jan-2025 09:21:02.930 INFO [main] org.apache.catalina.startup.VersionLoggerListener.log Command line argument: -agentlib:jdwp=transport=dt_socket,address=127.0.0.1:52261,suspend=y,server=n
31-Jan-2025 09:21:02.930 INFO [main] org.apache.catalina.startup.VersionLoggerListener.log Command line argument: -Dcatalina.home=C:\Program Files\apache-tomcat-9.0.98-windows-x64\apache-tomcat-9.0.98
31-Jan-2025 09:21:02.930 INFO [main] org.apache.catalina.startup.VersionLoggerListener.log Command line argument: -Dcatalina.base=C:\Users\Shree\Desktop\MyJava\Hospital_Management_\src\main\webapp
31-Jan-2025 09:21:02.931 INFO [main] org.apache.catalina.startup.VersionLoggerListener.log Command line argument: -Djava.io.tmpdir=C:\Users\Shree\Desktop\MyJava\Hospital_Management_\src\main\webapp\temp
31-Jan-2025 09:21:02.931 INFO [main] org.apache.catalina.startup.VersionLoggerListener.log Command line argument: -Djava.util.logging.config.file=C:\Users\Shree\Desktop\MyJava\Hospital_Management_\src\main\webapp\conf\logging.properties
31-Jan-2025 09:21:02.931 INFO [main] org.apache.catalina.startup.VersionLoggerListener.log Command line argument: -Djava.util.logging.manager=org.apache.juli.ClassLoaderLogManager
31-Jan-2025 09:21:02.931 INFO [main] org.apache.catalina.startup.VersionLoggerListener.log Command line argument: -javaagent:C:\Users\Shree\AppData\Local\JetBrains\IdeaIC2024.3\captureAgent\debugger-agent.jar
31-Jan-2025 09:21:02.931 INFO [main] org.apache.catalina.startup.VersionLoggerListener.log Command line argument: -Dkotlinx.coroutines.debug.enable.creation.stack.trace=false
31-Jan-2025 09:21:02.933 INFO [main] org.apache.catalina.startup.VersionLoggerListener.log Command line argument: -Ddebugger.agent.enable.coroutines=true
31-Jan-2025 09:21:02.933 INFO [main] org.apache.catalina.startup.VersionLoggerListener.log Command line argument: -Dkotlinx.coroutines.debug.enable.flows.stack.trace=true
31-Jan-2025 09:21:02.933 INFO [main] org.apache.catalina.startup.VersionLoggerListener.log Command line argument: -Dkotlinx.coroutines.debug.enable.mutable.state.flows.stack.trace=true
31-Jan-2025 09:21:02.933 INFO [main] org.apache.catalina.startup.VersionLoggerListener.log Command line argument: -Dfile.encoding=UTF-8
31-Jan-2025 09:21:02.934 INFO [main] org.apache.catalina.startup.VersionLoggerListener.log Command line argument: -Dsun.stdout.encoding=UTF-8
31-Jan-2025 09:21:02.934 INFO [main] org.apache.catalina.startup.VersionLoggerListener.log Command line argument: -Dsun.stderr.encoding=UTF-8
31-Jan-2025 09:21:02.949 INFO [main] org.apache.catalina.core.AprLifecycleListener.lifecycleEvent Loaded Apache Tomcat Native library [1.3.1] using APR version [1.7.4].
31-Jan-2025 09:21:02.950 INFO [main] org.apache.catalina.core.AprLifecycleListener.lifecycleEvent APR capabilities: IPv6 [true], sendfile [true], accept filters [false], random [true], UDS [true].
31-Jan-2025 09:21:02.953 INFO [main] org.apache.catalina.core.AprLifecycleListener.lifecycleEvent APR/OpenSSL configuration: useAprConnector [false], useOpenSSL [true]
31-Jan-2025 09:21:02.968 INFO [main] org.apache.catalina.core.AprLifecycleListener.initializeSSL OpenSSL successfully initialized [OpenSSL 3.0.14 4 Jun 2024]
31-Jan-2025 09:21:04.494 INFO [main] org.apache.coyote.AbstractProtocol.init Initializing ProtocolHandler ["http-nio-8080"]
31-Jan-2025 09:21:04.585 INFO [main] org.apache.catalina.startup.Catalina.load Server initialization in [2545] milliseconds
31-Jan-2025 09:21:04.904 INFO [main] org.apache.catalina.core.StandardService.startInternal Starting service [Catalina]
31-Jan-2025 09:21:04.905 INFO [main] org.apache.catalina.core.StandardEngine.startInternal Starting Servlet engine: [Apache Tomcat/9.0.98]
31-Jan-2025 09:21:04.931 INFO [main] org.apache.catalina.startup.HostConfig.deployDescriptor Deploying deployment descriptor [C:\Users\Shree\Desktop\MyJava\Hospital_Management_\src\main\webapp\conf\Catalina\localhost\Hospital_Management_.xml]
31-Jan-2025 09:21:07.930 INFO [main] org.apache.jasper.servlet.TldScanner.scanJars At least one JAR was scanned for TLDs yet contained no TLDs. Enable debug logging for this logger for a complete list of JARs that were scanned but no TLDs were found in them. Skipping unneeded JARs during scanning can improve startup time and JSP compilation time.
31-Jan-2025 09:21:08.117 INFO [main] org.apache.catalina.startup.HostConfig.deployDescriptor Deployment of deployment descriptor [C:\Users\Shree\Desktop\MyJava\Hospital_Management_\src\main\webapp\conf\Catalina\localhost\Hospital_Management_.xml] has finished in [3,186] ms
31-Jan-2025 09:21:08.132 INFO [main] org.apache.coyote.AbstractProtocol.start Starting ProtocolHandler ["http-nio-8080"]
31-Jan-2025 09:21:08.233 INFO [main] org.apache.catalina.startup.Catalina.start Server startup in [3647] milliseconds
31-Jan-2025 09:22:37.319 INFO [Thread-1] org.apache.coyote.AbstractProtocol.pause Pausing ProtocolHandler ["http-nio-8080"]
31-Jan-2025 09:22:37.333 INFO [Thread-1] org.apache.catalina.core.StandardService.stopInternal Stopping service [Catalina]
31-Jan-2025 09:22:37.358 WARNING [Thread-1] org.apache.catalina.loader.WebappClassLoaderBase.clearReferencesJdbc The web application [Hospital_Management_] registered the JDBC driver [com.mysql.cj.jdbc.Driver] but failed to unregister it when the web application was stopped. To prevent a memory leak, the JDBC Driver has been forcibly unregistered.
31-Jan-2025 09:22:37.358 WARNING [Thread-1] org.apache.catalina.loader.WebappClassLoaderBase.clearReferencesThreads The web application [Hospital_Management_] appears to have started a thread named [mysql-cj-abandoned-connection-cleanup] but has failed to stop it. This is very likely to create a memory leak. Stack trace of thread:
 java.base/jdk.internal.misc.Unsafe.park(Native Method)
 java.base/java.util.concurrent.locks.LockSupport.parkNanos(LockSupport.java:269)
 java.base/java.util.concurrent.locks.AbstractQueuedSynchronizer$ConditionObject.await(AbstractQueuedSynchronizer.java:1852)
 java.base/java.lang.ref.ReferenceQueue.await(ReferenceQueue.java:79)
 java.base/java.lang.ref.ReferenceQueue.remove0(ReferenceQueue.java:151)
 java.base/java.lang.ref.ReferenceQueue.remove(ReferenceQueue.java:229)
 com.mysql.cj.jdbc.AbandonedConnectionCleanupThread.run(AbandonedConnectionCleanupThread.java:84)
 java.base/java.util.concurrent.ThreadPoolExecutor.runWorker(ThreadPoolExecutor.java:1144)
 java.base/java.util.concurrent.ThreadPoolExecutor$Worker.run(ThreadPoolExecutor.java:642)
 java.base/java.lang.Thread.run(Thread.java:1575)
31-Jan-2025 09:22:37.397 INFO [Thread-1] org.apache.coyote.AbstractProtocol.stop Stopping ProtocolHandler ["http-nio-8080"]
31-Jan-2025 09:22:37.421 INFO [Thread-1] org.apache.coyote.AbstractProtocol.destroy Destroying ProtocolHandler ["http-nio-8080"]
31-Jan-2025 10:37:31.445 INFO [main] org.apache.catalina.startup.VersionLoggerListener.log Server version name:   Apache Tomcat/9.0.98
31-Jan-2025 10:37:31.459 INFO [main] org.apache.catalina.startup.VersionLoggerListener.log Server built:          Dec 5 2024 19:50:29 UTC
31-Jan-2025 10:37:31.459 INFO [main] org.apache.catalina.startup.VersionLoggerListener.log Server version number: 9.0.98.0
31-Jan-2025 10:37:31.460 INFO [main] org.apache.catalina.startup.VersionLoggerListener.log OS Name:               Windows 10
31-Jan-2025 10:37:31.460 INFO [main] org.apache.catalina.startup.VersionLoggerListener.log OS Version:            10.0
31-Jan-2025 10:37:31.462 INFO [main] org.apache.catalina.startup.VersionLoggerListener.log Architecture:          amd64
31-Jan-2025 10:37:31.462 INFO [main] org.apache.catalina.startup.VersionLoggerListener.log Java Home:             C:\Program Files\Java\jdk-23
31-Jan-2025 10:37:31.462 INFO [main] org.apache.catalina.startup.VersionLoggerListener.log JVM Version:           23.0.1+11-39
31-Jan-2025 10:37:31.462 INFO [main] org.apache.catalina.startup.VersionLoggerListener.log JVM Vendor:            Oracle Corporation
31-Jan-2025 10:37:31.462 INFO [main] org.apache.catalina.startup.VersionLoggerListener.log CATALINA_BASE:         C:\Users\Shree\Desktop\MyJava\Hospital_Management_\src\main\webapp
31-Jan-2025 10:37:31.463 INFO [main] org.apache.catalina.startup.VersionLoggerListener.log CATALINA_HOME:         C:\Program Files\apache-tomcat-9.0.98-windows-x64\apache-tomcat-9.0.98
31-Jan-2025 10:37:31.493 INFO [main] org.apache.catalina.startup.VersionLoggerListener.log Command line argument: --add-opens=java.base/java.lang=ALL-UNNAMED
31-Jan-2025 10:37:31.494 INFO [main] org.apache.catalina.startup.VersionLoggerListener.log Command line argument: --add-opens=java.base/java.io=ALL-UNNAMED
31-Jan-2025 10:37:31.494 INFO [main] org.apache.catalina.startup.VersionLoggerListener.log Command line argument: --add-opens=java.base/java.util=ALL-UNNAMED
31-Jan-2025 10:37:31.494 INFO [main] org.apache.catalina.startup.VersionLoggerListener.log Command line argument: --add-opens=java.base/java.util.concurrent=ALL-UNNAMED
31-Jan-2025 10:37:31.494 INFO [main] org.apache.catalina.startup.VersionLoggerListener.log Command line argument: --add-opens=java.rmi/sun.rmi.transport=ALL-UNNAMED
31-Jan-2025 10:37:31.495 INFO [main] org.apache.catalina.startup.VersionLoggerListener.log Command line argument: -Dcatalina.home=C:\Program Files\apache-tomcat-9.0.98-windows-x64\apache-tomcat-9.0.98
31-Jan-2025 10:37:31.495 INFO [main] org.apache.catalina.startup.VersionLoggerListener.log Command line argument: -Dcatalina.base=C:\Users\Shree\Desktop\MyJava\Hospital_Management_\src\main\webapp
31-Jan-2025 10:37:31.495 INFO [main] org.apache.catalina.startup.VersionLoggerListener.log Command line argument: -Djava.io.tmpdir=C:\Users\Shree\Desktop\MyJava\Hospital_Management_\src\main\webapp\temp
31-Jan-2025 10:37:31.495 INFO [main] org.apache.catalina.startup.VersionLoggerListener.log Command line argument: -Djava.util.logging.config.file=C:\Users\Shree\Desktop\MyJava\Hospital_Management_\src\main\webapp\conf\logging.properties
31-Jan-2025 10:37:31.495 INFO [main] org.apache.catalina.startup.VersionLoggerListener.log Command line argument: -Djava.util.logging.manager=org.apache.juli.ClassLoaderLogManager
31-Jan-2025 10:37:31.495 INFO [main] org.apache.catalina.startup.VersionLoggerListener.log Command line argument: -javaagent:C:\Program Files\JetBrains\IntelliJ IDEA Community Edition 2024.3.2\lib\idea_rt.jar=52441:C:\Program Files\JetBrains\IntelliJ IDEA Community Edition 2024.3.2\bin
31-Jan-2025 10:37:31.496 INFO [main] org.apache.catalina.startup.VersionLoggerListener.log Command line argument: -Dfile.encoding=UTF-8
31-Jan-2025 10:37:31.496 INFO [main] org.apache.catalina.startup.VersionLoggerListener.log Command line argument: -Dsun.stdout.encoding=UTF-8
31-Jan-2025 10:37:31.496 INFO [main] org.apache.catalina.startup.VersionLoggerListener.log Command line argument: -Dsun.stderr.encoding=UTF-8
31-Jan-2025 10:37:31.517 INFO [main] org.apache.catalina.core.AprLifecycleListener.lifecycleEvent Loaded Apache Tomcat Native library [1.3.1] using APR version [1.7.4].
31-Jan-2025 10:37:31.517 INFO [main] org.apache.catalina.core.AprLifecycleListener.lifecycleEvent APR capabilities: IPv6 [true], sendfile [true], accept filters [false], random [true], UDS [true].
31-Jan-2025 10:37:31.517 INFO [main] org.apache.catalina.core.AprLifecycleListener.lifecycleEvent APR/OpenSSL configuration: useAprConnector [false], useOpenSSL [true]
31-Jan-2025 10:37:31.556 INFO [main] org.apache.catalina.core.AprLifecycleListener.initializeSSL OpenSSL successfully initialized [OpenSSL 3.0.14 4 Jun 2024]
31-Jan-2025 10:37:33.609 INFO [main] org.apache.coyote.AbstractProtocol.init Initializing ProtocolHandler ["http-nio-8080"]
31-Jan-2025 10:37:33.673 INFO [main] org.apache.catalina.startup.Catalina.load Server initialization in [3237] milliseconds
31-Jan-2025 10:37:33.810 INFO [main] org.apache.catalina.core.StandardService.startInternal Starting service [Catalina]
31-Jan-2025 10:37:33.810 INFO [main] org.apache.catalina.core.StandardEngine.startInternal Starting Servlet engine: [Apache Tomcat/9.0.98]
31-Jan-2025 10:37:33.883 INFO [main] org.apache.catalina.startup.HostConfig.deployDescriptor Deploying deployment descriptor [C:\Users\Shree\Desktop\MyJava\Hospital_Management_\src\main\webapp\conf\Catalina\localhost\Hospital_Management_.xml]
31-Jan-2025 10:37:44.606 INFO [main] org.apache.jasper.servlet.TldScanner.scanJars At least one JAR was scanned for TLDs yet contained no TLDs. Enable debug logging for this logger for a complete list of JARs that were scanned but no TLDs were found in them. Skipping unneeded JARs during scanning can improve startup time and JSP compilation time.
31-Jan-2025 10:37:45.010 INFO [main] org.apache.catalina.startup.HostConfig.deployDescriptor Deployment of deployment descriptor [C:\Users\Shree\Desktop\MyJava\Hospital_Management_\src\main\webapp\conf\Catalina\localhost\Hospital_Management_.xml] has finished in [11,117] ms
31-Jan-2025 10:37:45.029 INFO [main] org.apache.coyote.AbstractProtocol.start Starting ProtocolHandler ["http-nio-8080"]
31-Jan-2025 10:37:45.240 INFO [main] org.apache.catalina.startup.Catalina.start Server startup in [11564] milliseconds
